<?xml version="1.0" encoding="UTF-8"?>
<testsuite name="com.project.nextmatch.service.EventServiceTest" tests="1" skipped="0" failures="0" errors="0" timestamp="2025-10-02T10:15:48.538Z" hostname="DESKTOP-NCI1F7F" time="1.312">
  <properties/>
  <testcase name="검색 키워드를 이용해 대회를 조회하면, 키워드를 포함하는 대회만 반환해야 한다." classname="com.project.nextmatch.service.EventServiceTest" time="1.312"/>
  <system-out><![CDATA[]]></system-out>
  <system-err><![CDATA[Mockito is currently self-attaching to enable the inline-mock-maker. This will no longer work in future releases of the JDK. Please add Mockito as an agent to your build as described in Mockito's documentation: https://javadoc.io/doc/org.mockito/mockito-core/latest/org.mockito/org/mockito/Mockito.html#0.3
WARNING: A Java agent has been loaded dynamically (C:\Users\lbc34\.gradle\caches\modules-2\files-2.1\net.bytebuddy\byte-buddy-agent\1.17.7\fbf3d6d649ed37fc9e9c59480a05be0a26e3c2da\byte-buddy-agent-1.17.7.jar)
WARNING: If a serviceability tool is in use, please run with -XX:+EnableDynamicAgentLoading to hide this warning
WARNING: If a serviceability tool is not in use, please run with -Djdk.instrument.traceUsage for more information
WARNING: Dynamic loading of agents will be disallowed by default in a future release
]]></system-err>
</testsuite>
